<?xml version="1.0" encoding="UTF-8"?>
<!-- Generated by org.testng.reporters.JUnitXMLReporter -->
<testsuite ignored="18" hostname="DESKTOP-GOS8FTU" failures="0" tests="6" name="Test All Smoke Test Cases" time="193.534" errors="0" timestamp="2023-05-05T22:25:15 IST">
  <testcase classname="com.mystore.testcases.LoginPageTest" name="@BeforeMethod setup" time="43.182">
    <failure type="org.openqa.selenium.TimeoutException" message="timeout: Timed out receiving message from renderer: 36.469
  (Session info: chrome=112.0.5615.138)
Build info: version: &amp;apos;4.8.3&amp;apos;, revision: &amp;apos;e5e76298c3&amp;apos;
System info: os.name: &amp;apos;Windows 10&amp;apos;, os.arch: &amp;apos;amd64&amp;apos;, os.version: &amp;apos;10.0&amp;apos;, java.version: &amp;apos;20&amp;apos;
Driver info: org.openqa.selenium.chrome.ChromeDriver
Command: [3c74377d5ef0fe562a1790b0d8ef69ae, get {url=http://automationpractice.pl/index.php}]
Capabilities {acceptInsecureCerts: false, browserName: chrome, browserVersion: 112.0.5615.138, chrome: {chromedriverVersion: 112.0.5615.49 (bd2a7bcb881c..., userDataDir: C:\Users\Hp\AppData\Local\T...}, goog:chromeOptions: {debuggerAddress: localhost:51345}, networkConnectionEnabled: false, pageLoadStrategy: normal, platformName: WINDOWS, proxy: Proxy(), se:cdp: ws://localhost:51345/devtoo..., se:cdpVersion: 112.0.5615.138, setWindowRect: true, strictFileInteractability: false, timeouts: {implicit: 0, pageLoad: 300000, script: 30000}, unhandledPromptBehavior: dismiss and notify, webauthn:extension:credBlob: true, webauthn:extension:largeBlob: true, webauthn:extension:minPinLength: true, webauthn:extension:prf: true, webauthn:virtualAuthenticators: true}
Session ID: 3c74377d5ef0fe562a1790b0d8ef69ae">
      <![CDATA[org.openqa.selenium.TimeoutException: timeout: Timed out receiving message from renderer: 36.469
  (Session info: chrome=112.0.5615.138)
Build info: version: '4.8.3', revision: 'e5e76298c3'
System info: os.name: 'Windows 10', os.arch: 'amd64', os.version: '10.0', java.version: '20'
Driver info: org.openqa.selenium.chrome.ChromeDriver
Command: [3c74377d5ef0fe562a1790b0d8ef69ae, get {url=http://automationpractice.pl/index.php}]
Capabilities {acceptInsecureCerts: false, browserName: chrome, browserVersion: 112.0.5615.138, chrome: {chromedriverVersion: 112.0.5615.49 (bd2a7bcb881c..., userDataDir: C:\Users\Hp\AppData\Local\T...}, goog:chromeOptions: {debuggerAddress: localhost:51345}, networkConnectionEnabled: false, pageLoadStrategy: normal, platformName: WINDOWS, proxy: Proxy(), se:cdp: ws://localhost:51345/devtoo..., se:cdpVersion: 112.0.5615.138, setWindowRect: true, strictFileInteractability: false, timeouts: {implicit: 0, pageLoad: 300000, script: 30000}, unhandledPromptBehavior: dismiss and notify, webauthn:extension:credBlob: true, webauthn:extension:largeBlob: true, webauthn:extension:minPinLength: true, webauthn:extension:prf: true, webauthn:virtualAuthenticators: true}
Session ID: 3c74377d5ef0fe562a1790b0d8ef69ae
at org.openqa.selenium.remote.codec.w3c.W3CHttpResponseCodec.createException(W3CHttpResponseCodec.java:200)
at org.openqa.selenium.remote.codec.w3c.W3CHttpResponseCodec.decode(W3CHttpResponseCodec.java:133)
at org.openqa.selenium.remote.codec.w3c.W3CHttpResponseCodec.decode(W3CHttpResponseCodec.java:53)
at org.openqa.selenium.remote.HttpCommandExecutor.execute(HttpCommandExecutor.java:193)
at org.openqa.selenium.remote.service.DriverCommandExecutor.invokeExecute(DriverCommandExecutor.java:183)
at org.openqa.selenium.remote.service.DriverCommandExecutor.execute(DriverCommandExecutor.java:158)
at org.openqa.selenium.remote.RemoteWebDriver.execute(RemoteWebDriver.java:543)
at org.openqa.selenium.remote.RemoteWebDriver.get(RemoteWebDriver.java:297)
at com.mystore.base.Baseclass.lunchbrowser(Baseclass.java:61)
at com.mystore.testcases.LoginPageTest.setup(LoginPageTest.java:24)
at java.base/java.util.ArrayList.forEach(ArrayList.java:1511)
... Removed 32 stack frames]]>
    </failure>
  </testcase> <!-- @BeforeMethod setup -->
  <testcase classname="com.mystore.testcases.LoginPageTest" name="@AfterMethod tearDown" time="-1.683305613636E9">
    <skipped/>
  </testcase> <!-- @AfterMethod tearDown -->
  <testcase classname="com.mystore.testcases.LoginPageTest" name="LoginTest" time="12.74"/>
  <testcase classname="com.mystore.testcases.LoginPageTest" name="LoginTest" time="0.0">
    <skipped/>
  </testcase> <!-- LoginTest -->
  <testcase classname="com.mystore.testcases.IndexPageTest" name="verifyLogo" time="0.321"/>
  <testcase classname="com.mystore.testcases.IndexPageTest" name="verifyTitle" time="0.017"/>
  <testcase classname="com.mystore.testcases.SearchResultPageTest" name="productAvablityTest" time="5.957"/>
  <testcase classname="com.mystore.testcases.HomePageTest" name="validateOrderHistery" time="3.993"/>
  <testcase classname="com.mystore.base.Baseclass" name="@BeforeTest loadconfig" time="0.0">
    <ignored/>
  </testcase> <!-- @BeforeTest loadconfig -->
  <testcase classname="com.mystore.base.Baseclass" name="@BeforeTest loadconfig" time="0.0">
    <ignored/>
  </testcase> <!-- @BeforeTest loadconfig -->
  <testcase classname="com.mystore.base.Baseclass" name="@BeforeTest loadconfig" time="0.0">
    <ignored/>
  </testcase> <!-- @BeforeTest loadconfig -->
  <testcase classname="com.mystore.base.Baseclass" name="@BeforeTest loadconfig" time="0.0">
    <ignored/>
  </testcase> <!-- @BeforeTest loadconfig -->
  <testcase classname="com.mystore.base.Baseclass" name="@BeforeTest loadconfig" time="0.0">
    <ignored/>
  </testcase> <!-- @BeforeTest loadconfig -->
  <testcase classname="com.mystore.base.Baseclass" name="@BeforeTest loadconfig" time="0.0">
    <ignored/>
  </testcase> <!-- @BeforeTest loadconfig -->
  <testcase classname="com.mystore.base.Baseclass" name="@BeforeTest loadconfig" time="0.0">
    <ignored/>
  </testcase> <!-- @BeforeTest loadconfig -->
  <testcase classname="com.mystore.base.Baseclass" name="@BeforeTest lunchbrowser" time="0.0">
    <ignored/>
  </testcase> <!-- @BeforeTest lunchbrowser -->
  <testcase classname="com.mystore.base.Baseclass" name="@BeforeTest lunchbrowser" time="0.0">
    <ignored/>
  </testcase> <!-- @BeforeTest lunchbrowser -->
  <testcase classname="com.mystore.base.Baseclass" name="@BeforeTest lunchbrowser" time="0.0">
    <ignored/>
  </testcase> <!-- @BeforeTest lunchbrowser -->
  <testcase classname="com.mystore.base.Baseclass" name="@BeforeTest lunchbrowser" time="0.0">
    <ignored/>
  </testcase> <!-- @BeforeTest lunchbrowser -->
  <testcase classname="com.mystore.base.Baseclass" name="@BeforeTest lunchbrowser" time="0.0">
    <ignored/>
  </testcase> <!-- @BeforeTest lunchbrowser -->
  <testcase classname="com.mystore.base.Baseclass" name="@BeforeTest lunchbrowser" time="0.0">
    <ignored/>
  </testcase> <!-- @BeforeTest lunchbrowser -->
  <testcase classname="com.mystore.base.Baseclass" name="@BeforeTest lunchbrowser" time="0.0">
    <ignored/>
  </testcase> <!-- @BeforeTest lunchbrowser -->
  <testcase classname="com.mystore.testcases.EndToEndTest" name="validatingEndToEndFuctionality" time="0.0">
    <ignored/>
  </testcase> <!-- validatingEndToEndFuctionality -->
  <testcase classname="com.mystore.testcases.OrderPageTest" name="validateOrderPrice" time="0.0">
    <ignored/>
  </testcase> <!-- validateOrderPrice -->
  <testcase classname="com.mystore.testcases.AddToCartPageTest" name="AddToCartTest" time="0.0">
    <ignored/>
  </testcase> <!-- AddToCartTest -->
  <testcase classname="com.mystore.testcases.AccountCreationTest" name="AccountCreationPageTest" time="0.0">
    <ignored/>
  </testcase> <!-- AccountCreationPageTest -->
</testsuite> <!-- Test All Smoke Test Cases -->
